e:\school\integrator calc122\integrator calc122\x64\debug\vc120.pdb
e:\school\integrator calc122\integrator calc122\x64\debug\vc120.idb
e:\school\integrator calc122\integrator calc122\x64\debug\crsmath.obj
e:\school\integrator calc122\integrator calc122\x64\debug\mainsource.obj
e:\school\integrator calc122\integrator calc122\x64\debug\trigarray.obj
e:\school\integrator calc122\integrator calc122\x64\debug\trigterm.obj
c:\users\x00000051\downloads\integrator calc122\integrator calc122\x64\debug\vc120.pdb
c:\users\x00000051\downloads\integrator calc122\integrator calc122\x64\debug\vc120.idb
c:\users\x00000051\downloads\integrator calc122\integrator calc122\x64\debug\mainsource.obj
c:\users\x00000051\downloads\integrator calc122\integrator calc122\x64\debug\trigterm.obj
c:\users\x00000051\downloads\integrator calc122\integrator calc122\x64\debug\crsmath.obj
c:\users\x00000051\downloads\integrator calc122\integrator calc122\x64\debug\trigarray.obj
c:\users\x00000051\downloads\integrator calc122\x64\debug\integrator calc122.pdb
c:\users\x00000051\downloads\integrator calc122\integrator calc122\x64\debug\integrat.63e05177.tlog\cl.command.1.tlog
c:\users\x00000051\downloads\integrator calc122\integrator calc122\x64\debug\integrat.63e05177.tlog\cl.read.1.tlog
c:\users\x00000051\downloads\integrator calc122\integrator calc122\x64\debug\integrat.63e05177.tlog\cl.write.1.tlog
c:\users\x00000051\downloads\integrator calc122\integrator calc122\x64\debug\integrat.63e05177.tlog\link-cvtres.read.1.tlog
c:\users\x00000051\downloads\integrator calc122\integrator calc122\x64\debug\integrat.63e05177.tlog\link-cvtres.write.1.tlog
c:\users\x00000051\downloads\integrator calc122\integrator calc122\x64\debug\integrat.63e05177.tlog\link-rc.read.1.tlog
c:\users\x00000051\downloads\integrator calc122\integrator calc122\x64\debug\integrat.63e05177.tlog\link-rc.write.1.tlog
c:\users\x00000051\downloads\integrator calc122\integrator calc122\x64\debug\integrat.63e05177.tlog\link.8100-cvtres.read.1.tlog
c:\users\x00000051\downloads\integrator calc122\integrator calc122\x64\debug\integrat.63e05177.tlog\link.8100-cvtres.write.1.tlog
c:\users\x00000051\downloads\integrator calc122\integrator calc122\x64\debug\integrat.63e05177.tlog\link.8100-rc.read.1.tlog
c:\users\x00000051\downloads\integrator calc122\integrator calc122\x64\debug\integrat.63e05177.tlog\link.8100-rc.write.1.tlog
c:\users\x00000051\downloads\integrator calc122\integrator calc122\x64\debug\integrat.63e05177.tlog\link.8100.read.1.tlog
c:\users\x00000051\downloads\integrator calc122\integrator calc122\x64\debug\integrat.63e05177.tlog\link.8100.write.1.tlog
c:\users\x00000051\downloads\integrator calc122\integrator calc122\x64\debug\integrat.63e05177.tlog\link.command.1.tlog
c:\users\x00000051\downloads\integrator calc122\integrator calc122\x64\debug\integrat.63e05177.tlog\link.read.1.tlog
c:\users\x00000051\downloads\integrator calc122\integrator calc122\x64\debug\integrat.63e05177.tlog\link.write.1.tlog
